0 info it worked if it ends with ok
1 verbose cli [ '/usr/local/bin/node',
1 verbose cli   '/usr/local/bin/npm',
1 verbose cli   'install',
1 verbose cli   '-g',
1 verbose cli   'typescript' ]
2 info using npm@3.10.8
3 info using node@v6.9.1
4 silly loadCurrentTree Starting
5 silly install loadCurrentTree
6 silly install readGlobalPackageData
7 silly fetchPackageMetaData typescript
8 silly fetchNamedPackageData typescript
9 silly mapToRegistry name typescript
10 silly mapToRegistry using default registry
11 silly mapToRegistry registry https://registry.npmjs.org/
12 silly mapToRegistry data Result {
12 silly mapToRegistry   raw: 'typescript',
12 silly mapToRegistry   scope: null,
12 silly mapToRegistry   escapedName: 'typescript',
12 silly mapToRegistry   name: 'typescript',
12 silly mapToRegistry   rawSpec: '',
12 silly mapToRegistry   spec: 'latest',
12 silly mapToRegistry   type: 'tag' }
13 silly mapToRegistry uri https://registry.npmjs.org/typescript
14 verbose request uri https://registry.npmjs.org/typescript
15 verbose request no auth needed
16 info attempt registry request try #1 at 22:52:54
17 verbose request id 3e077cf0e85d0c80
18 verbose etag W/"58317bd3-1046c9"
19 verbose lastModified Sun, 20 Nov 2016 10:32:51 GMT
20 http request GET https://registry.npmjs.org/typescript
21 http 200 https://registry.npmjs.org/typescript
22 verbose headers { server: 'nginx/1.10.1',
22 verbose headers   'content-type': 'application/json',
22 verbose headers   'last-modified': 'Mon, 21 Nov 2016 07:13:12 GMT',
22 verbose headers   etag: 'W/"58329e88-1051ea"',
22 verbose headers   'content-encoding': 'gzip',
22 verbose headers   'cache-control': 'max-age=300',
22 verbose headers   'content-length': '56511',
22 verbose headers   'accept-ranges': 'bytes',
22 verbose headers   date: 'Mon, 21 Nov 2016 13:52:54 GMT',
22 verbose headers   via: '1.1 varnish',
22 verbose headers   age: '96',
22 verbose headers   connection: 'keep-alive',
22 verbose headers   'x-served-by': 'cache-nrt6124-NRT',
22 verbose headers   'x-cache': 'HIT',
22 verbose headers   'x-cache-hits': '1',
22 verbose headers   'x-timer': 'S1479736374.689217,VS0,VE0',
22 verbose headers   vary: 'Accept-Encoding' }
23 silly get cb [ 200,
23 silly get   { server: 'nginx/1.10.1',
23 silly get     'content-type': 'application/json',
23 silly get     'last-modified': 'Mon, 21 Nov 2016 07:13:12 GMT',
23 silly get     etag: 'W/"58329e88-1051ea"',
23 silly get     'content-encoding': 'gzip',
23 silly get     'cache-control': 'max-age=300',
23 silly get     'content-length': '56511',
23 silly get     'accept-ranges': 'bytes',
23 silly get     date: 'Mon, 21 Nov 2016 13:52:54 GMT',
23 silly get     via: '1.1 varnish',
23 silly get     age: '96',
23 silly get     connection: 'keep-alive',
23 silly get     'x-served-by': 'cache-nrt6124-NRT',
23 silly get     'x-cache': 'HIT',
23 silly get     'x-cache-hits': '1',
23 silly get     'x-timer': 'S1479736374.689217,VS0,VE0',
23 silly get     vary: 'Accept-Encoding' } ]
24 verbose get saving typescript to /Users/chorug/.npm/registry.npmjs.org/typescript/.cache.json
25 verbose correctMkdir /Users/chorug/.npm correctMkdir not in flight; initializing
26 silly install normalizeTree
27 silly loadCurrentTree Finishing
28 silly loadIdealTree Starting
29 silly install loadIdealTree
30 silly cloneCurrentTree Starting
31 silly install cloneCurrentTreeToIdealTree
32 silly cloneCurrentTree Finishing
33 silly loadShrinkwrap Starting
34 silly install loadShrinkwrap
35 silly loadShrinkwrap Finishing
36 silly loadAllDepsIntoIdealTree Starting
37 silly install loadAllDepsIntoIdealTree
38 silly resolveWithNewModule typescript@2.0.10 checking installable status
39 silly cache add args [ 'typescript', null ]
40 verbose cache add spec typescript
41 silly cache add parsed spec Result {
41 silly cache add   raw: 'typescript',
41 silly cache add   scope: null,
41 silly cache add   escapedName: 'typescript',
41 silly cache add   name: 'typescript',
41 silly cache add   rawSpec: '',
41 silly cache add   spec: 'latest',
41 silly cache add   type: 'tag' }
42 silly addNamed typescript@latest
43 verbose addNamed "latest" is being treated as a dist-tag for typescript
44 info addNameTag [ 'typescript', 'latest' ]
45 silly mapToRegistry name typescript
46 silly mapToRegistry using default registry
47 silly mapToRegistry registry https://registry.npmjs.org/
48 silly mapToRegistry data Result {
48 silly mapToRegistry   raw: 'typescript',
48 silly mapToRegistry   scope: null,
48 silly mapToRegistry   escapedName: 'typescript',
48 silly mapToRegistry   name: 'typescript',
48 silly mapToRegistry   rawSpec: '',
48 silly mapToRegistry   spec: 'latest',
48 silly mapToRegistry   type: 'tag' }
49 silly mapToRegistry uri https://registry.npmjs.org/typescript
50 verbose addNameTag registry:https://registry.npmjs.org/typescript not in flight; fetching
51 verbose get https://registry.npmjs.org/typescript not expired, no request
52 silly addNameTag next cb for typescript with tag latest
53 silly addNamed typescript@2.0.10
54 verbose addNamed "2.0.10" is a plain semver version for typescript
55 silly cache afterAdd typescript@2.0.10
56 verbose afterAdd /Users/chorug/.npm/typescript/2.0.10/package/package.json not in flight; writing
57 verbose correctMkdir /Users/chorug/.npm correctMkdir not in flight; initializing
58 verbose afterAdd /Users/chorug/.npm/typescript/2.0.10/package/package.json written
59 silly loadAllDepsIntoIdealTree Finishing
60 silly loadIdealTree Finishing
61 silly currentTree lib
62 silly idealTree lib
62 silly idealTree └── typescript@2.0.10
63 silly generateActionsToTake Starting
64 silly install generateActionsToTake
65 warn checkPermissions Missing write access to /usr/local/lib/node_modules
66 silly rollbackFailedOptional Starting
67 silly rollbackFailedOptional Finishing
68 silly runTopLevelLifecycles Finishing
69 silly install printInstalled
70 verbose stack Error: EACCES: permission denied, access '/usr/local/lib/node_modules'
70 verbose stack     at Error (native)
71 verbose cwd /Users/chorug/MyDev/BlackMamba
72 error Darwin 16.0.0
73 error argv "/usr/local/bin/node" "/usr/local/bin/npm" "install" "-g" "typescript"
74 error node v6.9.1
75 error npm  v3.10.8
76 error path /usr/local/lib/node_modules
77 error code EACCES
78 error errno -13
79 error syscall access
80 error Error: EACCES: permission denied, access '/usr/local/lib/node_modules'
80 error     at Error (native)
80 error  { Error: EACCES: permission denied, access '/usr/local/lib/node_modules'
80 error     at Error (native)
80 error   errno: -13,
80 error   code: 'EACCES',
80 error   syscall: 'access',
80 error   path: '/usr/local/lib/node_modules' }
81 error Please try running this command again as root/Administrator.
82 verbose exit [ -13, true ]
